<?xml version="1.0" encoding="UTF-8"?>
<testsuite xmlns:xsi="http://www.w3.org/2001/XMLSchema-instance" xsi:noNamespaceSchemaLocation="https://maven.apache.org/surefire/maven-surefire-plugin/xsd/surefire-test-report-3.0.xsd" version="3.0" name="com.example.AppTest" time="0.074" tests="1" errors="0" skipped="0" failures="0">
  <properties>
    <property name="sun.desktop" value="windows"/>
    <property name="awt.toolkit" value="sun.awt.windows.WToolkit"/>
    <property name="file.encoding.pkg" value="sun.io"/>
    <property name="java.specification.version" value="1.8"/>
    <property name="sun.cpu.isalist" value="amd64"/>
    <property name="sun.jnu.encoding" value="Cp1252"/>
    <property name="java.class.path" value="c:\Users\Narek\Desktop\Maven Project First Try\demo\target\test-classes;c:\Users\Narek\Desktop\Maven Project First Try\demo\target\classes;C:\Users\Narek\.m2\repository\org\junit\jupiter\junit-jupiter-api\5.6.0\junit-jupiter-api-5.6.0.jar;C:\Users\Narek\.m2\repository\org\apiguardian\apiguardian-api\1.1.0\apiguardian-api-1.1.0.jar;C:\Users\Narek\.m2\repository\org\opentest4j\opentest4j\1.2.0\opentest4j-1.2.0.jar;C:\Users\Narek\.m2\repository\org\junit\platform\junit-platform-commons\1.6.0\junit-platform-commons-1.6.0.jar;C:\Users\Narek\.m2\repository\org\junit\jupiter\junit-jupiter-engine\5.6.0\junit-jupiter-engine-5.6.0.jar;C:\Users\Narek\.m2\repository\org\junit\platform\junit-platform-engine\1.6.0\junit-platform-engine-1.6.0.jar;C:\Users\Narek\.m2\repository\com\github\twitch4j\twitch4j\1.12.0\twitch4j-1.12.0.jar;C:\Users\Narek\.m2\repository\org\jetbrains\annotations\23.0.0\annotations-23.0.0.jar;C:\Users\Narek\.m2\repository\commons-configuration\commons-configuration\1.10\commons-configuration-1.10.jar;C:\Users\Narek\.m2\repository\commons-lang\commons-lang\2.6\commons-lang-2.6.jar;C:\Users\Narek\.m2\repository\commons-logging\commons-logging\1.1.1\commons-logging-1.1.1.jar;C:\Users\Narek\.m2\repository\com\bucket4j\bucket4j_jdk8-core\8.1.0\bucket4j_jdk8-core-8.1.0.jar;C:\Users\Narek\.m2\repository\com\squareup\okhttp3\okhttp\4.9.3\okhttp-4.9.3.jar;C:\Users\Narek\.m2\repository\com\squareup\okio\okio\2.8.0\okio-2.8.0.jar;C:\Users\Narek\.m2\repository\org\jetbrains\kotlin\kotlin-stdlib-common\1.4.0\kotlin-stdlib-common-1.4.0.jar;C:\Users\Narek\.m2\repository\org\jetbrains\kotlin\kotlin-stdlib\1.4.10\kotlin-stdlib-1.4.10.jar;C:\Users\Narek\.m2\repository\com\github\philippheuer\credentialmanager\credentialmanager\0.1.4\credentialmanager-0.1.4.jar;C:\Users\Narek\.m2\repository\io\github\openfeign\feign-slf4j\11.9.1\feign-slf4j-11.9.1.jar;C:\Users\Narek\.m2\repository\io\github\openfeign\feign-core\11.9.1\feign-core-11.9.1.jar;C:\Users\Narek\.m2\repository\io\github\openfeign\feign-okhttp\11.9.1\feign-okhttp-11.9.1.jar;C:\Users\Narek\.m2\repository\io\github\openfeign\feign-jackson\11.9.1\feign-jackson-11.9.1.jar;C:\Users\Narek\.m2\repository\io\github\openfeign\feign-hystrix\11.9.1\feign-hystrix-11.9.1.jar;C:\Users\Narek\.m2\repository\com\neovisionaries\nv-websocket-client\2.14\nv-websocket-client-2.14.jar;C:\Users\Narek\.m2\repository\com\netflix\hystrix\hystrix-core\1.5.18\hystrix-core-1.5.18.jar;C:\Users\Narek\.m2\repository\com\netflix\archaius\archaius-core\0.4.1\archaius-core-0.4.1.jar;C:\Users\Narek\.m2\repository\io\reactivex\rxjava\1.2.0\rxjava-1.2.0.jar;C:\Users\Narek\.m2\repository\org\hdrhistogram\HdrHistogram\2.1.9\HdrHistogram-2.1.9.jar;C:\Users\Narek\.m2\repository\commons-io\commons-io\2.11.0\commons-io-2.11.0.jar;C:\Users\Narek\.m2\repository\org\apache\commons\commons-lang3\3.12.0\commons-lang3-3.12.0.jar;C:\Users\Narek\.m2\repository\org\slf4j\slf4j-api\1.7.36\slf4j-api-1.7.36.jar;C:\Users\Narek\.m2\repository\com\github\twitch4j\twitch4j-auth\1.12.0\twitch4j-auth-1.12.0.jar;C:\Users\Narek\.m2\repository\com\github\twitch4j\twitch4j-chat\1.12.0\twitch4j-chat-1.12.0.jar;C:\Users\Narek\.m2\repository\com\github\twitch4j\twitch4j-client-websocket\1.12.0\twitch4j-client-websocket-1.12.0.jar;C:\Users\Narek\.m2\repository\com\github\twitch4j\twitch4j-common\1.12.0\twitch4j-common-1.12.0.jar;C:\Users\Narek\.m2\repository\com\github\philippheuer\events4j\events4j-core\0.11.0\events4j-core-0.11.0.jar;C:\Users\Narek\.m2\repository\com\github\philippheuer\events4j\events4j-api\0.11.0\events4j-api-0.11.0.jar;C:\Users\Narek\.m2\repository\com\github\philippheuer\events4j\events4j-handler-simple\0.11.0\events4j-handler-simple-0.11.0.jar;C:\Users\Narek\.m2\repository\com\fasterxml\jackson\datatype\jackson-datatype-jsr310\2.14.1\jackson-datatype-jsr310-2.14.1.jar;C:\Users\Narek\.m2\repository\com\github\twitch4j\twitch4j-eventsub-common\1.12.0\twitch4j-eventsub-common-1.12.0.jar;C:\Users\Narek\.m2\repository\com\github\twitch4j\twitch4j-extensions\1.12.0\twitch4j-extensions-1.12.0.jar;C:\Users\Narek\.m2\repository\com\github\twitch4j\twitch4j-graphql\1.12.0\twitch4j-graphql-1.12.0.jar;C:\Users\Narek\.m2\repository\com\apollographql\apollo\apollo-runtime\2.5.13\apollo-runtime-2.5.13.jar;C:\Users\Narek\.m2\repository\com\apollographql\apollo\apollo-api-jvm\2.5.13\apollo-api-jvm-2.5.13.jar;C:\Users\Narek\.m2\repository\com\apollographql\apollo\apollo-normalized-cache-jvm\2.5.13\apollo-normalized-cache-jvm-2.5.13.jar;C:\Users\Narek\.m2\repository\com\apollographql\apollo\apollo-normalized-cache-api-jvm\2.5.13\apollo-normalized-cache-api-jvm-2.5.13.jar;C:\Users\Narek\.m2\repository\com\benasher44\uuid-jvm\0.2.0\uuid-jvm-0.2.0.jar;C:\Users\Narek\.m2\repository\com\nytimes\android\cache\2.0.2\cache-2.0.2.jar;C:\Users\Narek\.m2\repository\com\google\code\findbugs\jsr305\3.0.1\jsr305-3.0.1.jar;C:\Users\Narek\.m2\repository\com\apollographql\apollo\apollo-http-cache-api\2.5.13\apollo-http-cache-api-2.5.13.jar;C:\Users\Narek\.m2\repository\org\jetbrains\kotlin\kotlin-stdlib-jdk8\1.5.31\kotlin-stdlib-jdk8-1.5.31.jar;C:\Users\Narek\.m2\repository\org\jetbrains\kotlin\kotlin-stdlib-jdk7\1.5.31\kotlin-stdlib-jdk7-1.5.31.jar;C:\Users\Narek\.m2\repository\com\github\twitch4j\twitch4j-helix\1.12.0\twitch4j-helix-1.12.0.jar;C:\Users\Narek\.m2\repository\com\github\twitch4j\twitch4j-kraken\1.12.0\twitch4j-kraken-1.12.0.jar;C:\Users\Narek\.m2\repository\com\github\twitch4j\twitch4j-messaginginterface\1.12.0\twitch4j-messaginginterface-1.12.0.jar;C:\Users\Narek\.m2\repository\com\github\twitch4j\twitch4j-pubsub\1.12.0\twitch4j-pubsub-1.12.0.jar;C:\Users\Narek\.m2\repository\com\github\twitch4j\twitch4j-util\1.12.0\twitch4j-util-1.12.0.jar;C:\Users\Narek\.m2\repository\io\github\xanthic\cache\cache-provider-caffeine\0.1.1\cache-provider-caffeine-0.1.1.jar;C:\Users\Narek\.m2\repository\io\github\xanthic\cache\cache-core\0.1.1\cache-core-0.1.1.jar;C:\Users\Narek\.m2\repository\io\github\xanthic\cache\cache-api\0.1.1\cache-api-0.1.1.jar;C:\Users\Narek\.m2\repository\com\github\ben-manes\caffeine\caffeine\2.9.3\caffeine-2.9.3.jar;C:\Users\Narek\.m2\repository\org\checkerframework\checker-qual\3.19.0\checker-qual-3.19.0.jar;C:\Users\Narek\.m2\repository\com\google\errorprone\error_prone_annotations\2.10.0\error_prone_annotations-2.10.0.jar;C:\Users\Narek\.m2\repository\com\fasterxml\jackson\core\jackson-databind\2.14.1\jackson-databind-2.14.1.jar;C:\Users\Narek\.m2\repository\com\fasterxml\jackson\core\jackson-annotations\2.14.1\jackson-annotations-2.14.1.jar;C:\Users\Narek\.m2\repository\com\fasterxml\jackson\core\jackson-core\2.14.1\jackson-core-2.14.1.jar;"/>
    <property name="java.vm.vendor" value="Oracle Corporation"/>
    <property name="sun.arch.data.model" value="64"/>
    <property name="user.variant" value=""/>
    <property name="java.vendor.url" value="http://java.oracle.com/"/>
    <property name="user.timezone" value="America/New_York"/>
    <property name="java.vm.specification.version" value="1.8"/>
    <property name="os.name" value="Windows 10"/>
    <property name="user.country" value="US"/>
    <property name="sun.java.launcher" value="SUN_STANDARD"/>
    <property name="sun.boot.library.path" value="C:\Program Files\OpenJDK\jdk-8.0.352.08-hotspot\jre\bin"/>
    <property name="sun.java.command" value="C:\Users\Narek\AppData\Local\Temp\surefire4188014594595937170\surefirebooter3399747940885228474.jar C:\Users\Narek\AppData\Local\Temp\surefire4188014594595937170 2022-12-23T23-31-26_128-jvmRun1 surefire5374270530406462358tmp surefire_02394982914932102649tmp"/>
    <property name="surefire.test.class.path" value="c:\Users\Narek\Desktop\Maven Project First Try\demo\target\test-classes;c:\Users\Narek\Desktop\Maven Project First Try\demo\target\classes;C:\Users\Narek\.m2\repository\org\junit\jupiter\junit-jupiter-api\5.6.0\junit-jupiter-api-5.6.0.jar;C:\Users\Narek\.m2\repository\org\apiguardian\apiguardian-api\1.1.0\apiguardian-api-1.1.0.jar;C:\Users\Narek\.m2\repository\org\opentest4j\opentest4j\1.2.0\opentest4j-1.2.0.jar;C:\Users\Narek\.m2\repository\org\junit\platform\junit-platform-commons\1.6.0\junit-platform-commons-1.6.0.jar;C:\Users\Narek\.m2\repository\org\junit\jupiter\junit-jupiter-engine\5.6.0\junit-jupiter-engine-5.6.0.jar;C:\Users\Narek\.m2\repository\org\junit\platform\junit-platform-engine\1.6.0\junit-platform-engine-1.6.0.jar;C:\Users\Narek\.m2\repository\com\github\twitch4j\twitch4j\1.12.0\twitch4j-1.12.0.jar;C:\Users\Narek\.m2\repository\org\jetbrains\annotations\23.0.0\annotations-23.0.0.jar;C:\Users\Narek\.m2\repository\commons-configuration\commons-configuration\1.10\commons-configuration-1.10.jar;C:\Users\Narek\.m2\repository\commons-lang\commons-lang\2.6\commons-lang-2.6.jar;C:\Users\Narek\.m2\repository\commons-logging\commons-logging\1.1.1\commons-logging-1.1.1.jar;C:\Users\Narek\.m2\repository\com\bucket4j\bucket4j_jdk8-core\8.1.0\bucket4j_jdk8-core-8.1.0.jar;C:\Users\Narek\.m2\repository\com\squareup\okhttp3\okhttp\4.9.3\okhttp-4.9.3.jar;C:\Users\Narek\.m2\repository\com\squareup\okio\okio\2.8.0\okio-2.8.0.jar;C:\Users\Narek\.m2\repository\org\jetbrains\kotlin\kotlin-stdlib-common\1.4.0\kotlin-stdlib-common-1.4.0.jar;C:\Users\Narek\.m2\repository\org\jetbrains\kotlin\kotlin-stdlib\1.4.10\kotlin-stdlib-1.4.10.jar;C:\Users\Narek\.m2\repository\com\github\philippheuer\credentialmanager\credentialmanager\0.1.4\credentialmanager-0.1.4.jar;C:\Users\Narek\.m2\repository\io\github\openfeign\feign-slf4j\11.9.1\feign-slf4j-11.9.1.jar;C:\Users\Narek\.m2\repository\io\github\openfeign\feign-core\11.9.1\feign-core-11.9.1.jar;C:\Users\Narek\.m2\repository\io\github\openfeign\feign-okhttp\11.9.1\feign-okhttp-11.9.1.jar;C:\Users\Narek\.m2\repository\io\github\openfeign\feign-jackson\11.9.1\feign-jackson-11.9.1.jar;C:\Users\Narek\.m2\repository\io\github\openfeign\feign-hystrix\11.9.1\feign-hystrix-11.9.1.jar;C:\Users\Narek\.m2\repository\com\neovisionaries\nv-websocket-client\2.14\nv-websocket-client-2.14.jar;C:\Users\Narek\.m2\repository\com\netflix\hystrix\hystrix-core\1.5.18\hystrix-core-1.5.18.jar;C:\Users\Narek\.m2\repository\com\netflix\archaius\archaius-core\0.4.1\archaius-core-0.4.1.jar;C:\Users\Narek\.m2\repository\io\reactivex\rxjava\1.2.0\rxjava-1.2.0.jar;C:\Users\Narek\.m2\repository\org\hdrhistogram\HdrHistogram\2.1.9\HdrHistogram-2.1.9.jar;C:\Users\Narek\.m2\repository\commons-io\commons-io\2.11.0\commons-io-2.11.0.jar;C:\Users\Narek\.m2\repository\org\apache\commons\commons-lang3\3.12.0\commons-lang3-3.12.0.jar;C:\Users\Narek\.m2\repository\org\slf4j\slf4j-api\1.7.36\slf4j-api-1.7.36.jar;C:\Users\Narek\.m2\repository\com\github\twitch4j\twitch4j-auth\1.12.0\twitch4j-auth-1.12.0.jar;C:\Users\Narek\.m2\repository\com\github\twitch4j\twitch4j-chat\1.12.0\twitch4j-chat-1.12.0.jar;C:\Users\Narek\.m2\repository\com\github\twitch4j\twitch4j-client-websocket\1.12.0\twitch4j-client-websocket-1.12.0.jar;C:\Users\Narek\.m2\repository\com\github\twitch4j\twitch4j-common\1.12.0\twitch4j-common-1.12.0.jar;C:\Users\Narek\.m2\repository\com\github\philippheuer\events4j\events4j-core\0.11.0\events4j-core-0.11.0.jar;C:\Users\Narek\.m2\repository\com\github\philippheuer\events4j\events4j-api\0.11.0\events4j-api-0.11.0.jar;C:\Users\Narek\.m2\repository\com\github\philippheuer\events4j\events4j-handler-simple\0.11.0\events4j-handler-simple-0.11.0.jar;C:\Users\Narek\.m2\repository\com\fasterxml\jackson\datatype\jackson-datatype-jsr310\2.14.1\jackson-datatype-jsr310-2.14.1.jar;C:\Users\Narek\.m2\repository\com\github\twitch4j\twitch4j-eventsub-common\1.12.0\twitch4j-eventsub-common-1.12.0.jar;C:\Users\Narek\.m2\repository\com\github\twitch4j\twitch4j-extensions\1.12.0\twitch4j-extensions-1.12.0.jar;C:\Users\Narek\.m2\repository\com\github\twitch4j\twitch4j-graphql\1.12.0\twitch4j-graphql-1.12.0.jar;C:\Users\Narek\.m2\repository\com\apollographql\apollo\apollo-runtime\2.5.13\apollo-runtime-2.5.13.jar;C:\Users\Narek\.m2\repository\com\apollographql\apollo\apollo-api-jvm\2.5.13\apollo-api-jvm-2.5.13.jar;C:\Users\Narek\.m2\repository\com\apollographql\apollo\apollo-normalized-cache-jvm\2.5.13\apollo-normalized-cache-jvm-2.5.13.jar;C:\Users\Narek\.m2\repository\com\apollographql\apollo\apollo-normalized-cache-api-jvm\2.5.13\apollo-normalized-cache-api-jvm-2.5.13.jar;C:\Users\Narek\.m2\repository\com\benasher44\uuid-jvm\0.2.0\uuid-jvm-0.2.0.jar;C:\Users\Narek\.m2\repository\com\nytimes\android\cache\2.0.2\cache-2.0.2.jar;C:\Users\Narek\.m2\repository\com\google\code\findbugs\jsr305\3.0.1\jsr305-3.0.1.jar;C:\Users\Narek\.m2\repository\com\apollographql\apollo\apollo-http-cache-api\2.5.13\apollo-http-cache-api-2.5.13.jar;C:\Users\Narek\.m2\repository\org\jetbrains\kotlin\kotlin-stdlib-jdk8\1.5.31\kotlin-stdlib-jdk8-1.5.31.jar;C:\Users\Narek\.m2\repository\org\jetbrains\kotlin\kotlin-stdlib-jdk7\1.5.31\kotlin-stdlib-jdk7-1.5.31.jar;C:\Users\Narek\.m2\repository\com\github\twitch4j\twitch4j-helix\1.12.0\twitch4j-helix-1.12.0.jar;C:\Users\Narek\.m2\repository\com\github\twitch4j\twitch4j-kraken\1.12.0\twitch4j-kraken-1.12.0.jar;C:\Users\Narek\.m2\repository\com\github\twitch4j\twitch4j-messaginginterface\1.12.0\twitch4j-messaginginterface-1.12.0.jar;C:\Users\Narek\.m2\repository\com\github\twitch4j\twitch4j-pubsub\1.12.0\twitch4j-pubsub-1.12.0.jar;C:\Users\Narek\.m2\repository\com\github\twitch4j\twitch4j-util\1.12.0\twitch4j-util-1.12.0.jar;C:\Users\Narek\.m2\repository\io\github\xanthic\cache\cache-provider-caffeine\0.1.1\cache-provider-caffeine-0.1.1.jar;C:\Users\Narek\.m2\repository\io\github\xanthic\cache\cache-core\0.1.1\cache-core-0.1.1.jar;C:\Users\Narek\.m2\repository\io\github\xanthic\cache\cache-api\0.1.1\cache-api-0.1.1.jar;C:\Users\Narek\.m2\repository\com\github\ben-manes\caffeine\caffeine\2.9.3\caffeine-2.9.3.jar;C:\Users\Narek\.m2\repository\org\checkerframework\checker-qual\3.19.0\checker-qual-3.19.0.jar;C:\Users\Narek\.m2\repository\com\google\errorprone\error_prone_annotations\2.10.0\error_prone_annotations-2.10.0.jar;C:\Users\Narek\.m2\repository\com\fasterxml\jackson\core\jackson-databind\2.14.1\jackson-databind-2.14.1.jar;C:\Users\Narek\.m2\repository\com\fasterxml\jackson\core\jackson-annotations\2.14.1\jackson-annotations-2.14.1.jar;C:\Users\Narek\.m2\repository\com\fasterxml\jackson\core\jackson-core\2.14.1\jackson-core-2.14.1.jar;"/>
    <property name="sun.cpu.endian" value="little"/>
    <property name="user.home" value="C:\Users\Narek"/>
    <property name="user.language" value="en"/>
    <property name="java.specification.vendor" value="Oracle Corporation"/>
    <property name="java.home" value="C:\Program Files\OpenJDK\jdk-8.0.352.08-hotspot\jre"/>
    <property name="basedir" value="c:\Users\Narek\Desktop\Maven Project First Try\demo"/>
    <property name="file.separator" value="\"/>
    <property name="line.separator" value="&#10;"/>
    <property name="java.vm.specification.vendor" value="Oracle Corporation"/>
    <property name="java.specification.name" value="Java Platform API Specification"/>
    <property name="java.awt.graphicsenv" value="sun.awt.Win32GraphicsEnvironment"/>
    <property name="surefire.real.class.path" value="C:\Users\Narek\AppData\Local\Temp\surefire4188014594595937170\surefirebooter3399747940885228474.jar;C:\\Users\\Narek\\.m2\\repository\\org\\jacoco\\org.jacoco.agent\\0.8.4\\org.jacoco.agent-0.8.4-runtime.jar"/>
    <property name="sun.boot.class.path" value="C:\Program Files\OpenJDK\jdk-8.0.352.08-hotspot\jre\lib\resources.jar;C:\Program Files\OpenJDK\jdk-8.0.352.08-hotspot\jre\lib\rt.jar;C:\Program Files\OpenJDK\jdk-8.0.352.08-hotspot\jre\lib\sunrsasign.jar;C:\Program Files\OpenJDK\jdk-8.0.352.08-hotspot\jre\lib\jsse.jar;C:\Program Files\OpenJDK\jdk-8.0.352.08-hotspot\jre\lib\jce.jar;C:\Program Files\OpenJDK\jdk-8.0.352.08-hotspot\jre\lib\charsets.jar;C:\Program Files\OpenJDK\jdk-8.0.352.08-hotspot\jre\lib\jfr.jar;C:\Program Files\OpenJDK\jdk-8.0.352.08-hotspot\jre\classes"/>
    <property name="user.script" value=""/>
    <property name="sun.management.compiler" value="HotSpot 64-Bit Tiered Compilers"/>
    <property name="java.runtime.version" value="1.8.0_352-352-b08"/>
    <property name="user.name" value="Narek"/>
    <property name="path.separator" value=";"/>
    <property name="os.version" value="10.0"/>
    <property name="java.endorsed.dirs" value="C:\Program Files\OpenJDK\jdk-8.0.352.08-hotspot\jre\lib\endorsed"/>
    <property name="java.runtime.name" value="OpenJDK Runtime Environment"/>
    <property name="file.encoding" value="Cp1252"/>
    <property name="java.vm.name" value="OpenJDK 64-Bit Server VM"/>
    <property name="localRepository" value="C:\Users\Narek\.m2\repository"/>
    <property name="java.vendor.url.bug" value="http://bugreport.sun.com/bugreport/"/>
    <property name="java.io.tmpdir" value="C:\Users\Narek\AppData\Local\Temp\"/>
    <property name="java.version" value="1.8.0_352-352"/>
    <property name="user.dir" value="c:\Users\Narek\Desktop\Maven Project First Try\demo"/>
    <property name="os.arch" value="amd64"/>
    <property name="java.vm.specification.name" value="Java Virtual Machine Specification"/>
    <property name="java.awt.printerjob" value="sun.awt.windows.WPrinterJob"/>
    <property name="sun.os.patch.level" value=""/>
    <property name="java.library.path" value="C:\Program Files\OpenJDK\jdk-8.0.352.08-hotspot\jre\bin;C:\WINDOWS\Sun\Java\bin;C:\WINDOWS\system32;C:\WINDOWS;C:\Program Files\OpenJDK\jdk-8.0.352.08-hotspot\bin;C:\Program Files\Eclipse Foundation\jdk-16.0.2.7-hotspot\bin;C:\Program Files\Eclipse Foundation\jdk-11.0.12.7-hotspot\bin;C:\Program Files (x86)\Common Files\Intel\Shared Libraries\redist\intel64\compiler;C:\Program Files (x86)\Common Files\Oracle\Java\javapath;C:\Program Files (x86)\Intel\Intel(R) Management Engine Components\iCLS\;C:\Program Files\Intel\Intel(R) Management Engine Components\iCLS\;C:\Windows\system32;C:\Windows;C:\Windows\System32\Wbem;C:\Windows\System32\WindowsPowerShell\v1.0\;C:\Windows\System32\OpenSSH\;C:\Program Files (x86)\Intel\Intel(R) Management Engine Components\DAL;C:\Program Files\Intel\Intel(R) Management Engine Components\DAL;C:\Program Files (x86)\Intel\Intel(R) Management Engine Components\IPT;C:\Program Files\Intel\Intel(R) Management Engine Components\IPT;C:\Program Files (x86)\NVIDIA Corporation\PhysX\Common;C:\WINDOWS\system32;C:\WINDOWS;C:\WINDOWS\System32\Wbem;C:\WINDOWS\System32\WindowsPowerShell\v1.0\;C:\WINDOWS\System32\OpenSSH\;C:\Program Files (x86)\Pulse Secure\VC142.CRT\X64\;C:\Program Files (x86)\Pulse Secure\VC142.CRT\X86\;C:\Program Files\dotnet\;C:\Program Files\NVIDIA Corporation\NVIDIA NvDLISR;C:\Program Files\Git\cmd;C:\Program Files\CMake\bin;C;C:\Users\Narek\Desktop\GameKeeb-firmware-old;C:\Users\Narek\Desktop\Ninja;C:\Users\Narek\scoop\shims;C:\Program Files (x86)\GNU Arm Embedded Toolchain\10 2021.10\bin;C:\Users\Narek\AppData\Local\Microsoft\WindowsApps;C:\Users\Narek\AppData\Local\atom\bin;C:\Users\Narek\AppData\Local\Programs\Microsoft VS Code\bin;C:\Users\Narek\.dotnet\tools;C:\Users\Narek\Desktop\GameKeeb-firmware-old;C:\msys64\mingw64\bin;;."/>
    <property name="java.vm.info" value="mixed mode"/>
    <property name="java.vendor" value="OpenLogic-OpenJDK"/>
    <property name="java.vm.version" value="25.352-b08"/>
    <property name="java.specification.maintenance.version" value="4"/>
    <property name="java.ext.dirs" value="C:\Program Files\OpenJDK\jdk-8.0.352.08-hotspot\jre\lib\ext;C:\WINDOWS\Sun\Java\lib\ext"/>
    <property name="sun.io.unicode.encoding" value="UnicodeLittle"/>
    <property name="java.class.version" value="52.0"/>
  </properties>
  <testcase name="testApp" classname="com.example.AppTest" time="0.051"/>
</testsuite>